{"name": "# 003_start_your_test_general_knowledge", "status": "broken", "statusDetails": {"message": "selenium.common.exceptions.NoSuchElementException: Message: no such element: Unable to locate element: {\"method\":\"xpath\",\"selector\":\"//a[text()='General knowledge (continue)']\"}\n  (Session info: chrome=111.0.5563.148)\nStacktrace:\nBacktrace:\n\t(No symbol) [0x0047DCE3]\n\t(No symbol) [0x004139D1]\n\t(No symbol) [0x00324DA8]\n\t(No symbol) [0x0035019F]\n\t(No symbol) [0x003503AB]\n\t(No symbol) [0x0037EE62]\n\t(No symbol) [0x0036AF14]\n\t(No symbol) [0x0037D57C]\n\t(No symbol) [0x0036ACC6]\n\t(No symbol) [0x00346F68]\n\t(No symbol) [0x003480CD]\n\tGetHandleVerifier [0x006F3832+2506274]\n\tGetHandleVerifier [0x00729794+2727300]\n\tGetHandleVerifier [0x0072E36C+2746716]\n\tGetHandleVerifier [0x00526690+617600]\n\t(No symbol) [0x0041C712]\n\t(No symbol) [0x00421FF8]\n\t(No symbol) [0x004220DB]\n\t(No symbol) [0x0042C63B]\n\tBaseThreadInitThunk [0x771C7D69+25]\n\tRtlInitializeExceptionChain [0x77C1B74B+107]\n\tRtlClearBits [0x77C1B6CF+191]\n\n", "trace": "  File \"C:\\Users\\rapid\\AppData\\Roaming\\Python\\Python310\\site-packages\\behave\\model.py\", line 1329, in run\n    match.run(runner.context)\n  File \"C:\\Users\\rapid\\AppData\\Roaming\\Python\\Python310\\site-packages\\behave\\matchers.py\", line 98, in run\n    self.func(context, *args, **kwargs)\n  File \"features\\steps\\003_start_your_test_general_knowledge.py\", line 15, in gnrl_knwldg_txt_btn\n    context.app.main_page.gnrl_knwldg_txt_btn(txt)\n  File \"E:\\Gurov_SSD_256\\IT\\Testing\\Automation_08_09_2019\\18wheelerschool_06_apr_2023\\pages\\main_page.py\", line 78, in gnrl_knwldg_txt_btn\n    self.verify_text(txt, *GNRL_KNWLDG_TXT_BTN)\n  File \"E:\\Gurov_SSD_256\\IT\\Testing\\Automation_08_09_2019\\18wheelerschool_06_apr_2023\\pages\\base_page.py\", line 36, in verify_text\n    actual_text = self.driver.find_element(*locator).text\n  File \"C:\\Users\\rapid\\AppData\\Local\\Programs\\Python\\Python310\\lib\\site-packages\\selenium\\webdriver\\remote\\webdriver.py\", line 1122, in find_element\n    return self.execute(Command.FIND_ELEMENT, {\n  File \"C:\\Users\\rapid\\AppData\\Local\\Programs\\Python\\Python310\\lib\\site-packages\\selenium\\webdriver\\remote\\webdriver.py\", line 369, in execute\n    self.error_handler.check_response(response)\n  File \"C:\\Users\\rapid\\AppData\\Local\\Programs\\Python\\Python310\\lib\\site-packages\\selenium\\webdriver\\remote\\errorhandler.py\", line 236, in check_response\n    raise exception_class(message, screen, stacktrace)\n"}, "steps": [{"name": "Given Loginpage", "status": "passed", "start": 1681066759521, "stop": 1681066760879}, {"name": "Then Login with the right credentials", "status": "passed", "start": 1681066760879, "stop": 1681066762128}, {"name": "Then Verify 1 \"General knowledge (continue)\" button text is here", "status": "broken", "statusDetails": {"message": "selenium.common.exceptions.NoSuchElementException: Message: no such element: Unable to locate element: {\"method\":\"xpath\",\"selector\":\"//a[text()='General knowledge (continue)']\"}\n  (Session info: chrome=111.0.5563.148)\nStacktrace:\nBacktrace:\n\t(No symbol) [0x0047DCE3]\n\t(No symbol) [0x004139D1]\n\t(No symbol) [0x00324DA8]\n\t(No symbol) [0x0035019F]\n\t(No symbol) [0x003503AB]\n\t(No symbol) [0x0037EE62]\n\t(No symbol) [0x0036AF14]\n\t(No symbol) [0x0037D57C]\n\t(No symbol) [0x0036ACC6]\n\t(No symbol) [0x00346F68]\n\t(No symbol) [0x003480CD]\n\tGetHandleVerifier [0x006F3832+2506274]\n\tGetHandleVerifier [0x00729794+2727300]\n\tGetHandleVerifier [0x0072E36C+2746716]\n\tGetHandleVerifier [0x00526690+617600]\n\t(No symbol) [0x0041C712]\n\t(No symbol) [0x00421FF8]\n\t(No symbol) [0x004220DB]\n\t(No symbol) [0x0042C63B]\n\tBaseThreadInitThunk [0x771C7D69+25]\n\tRtlInitializeExceptionChain [0x77C1B74B+107]\n\tRtlClearBits [0x77C1B6CF+191]\n\n", "trace": "  File \"C:\\Users\\rapid\\AppData\\Roaming\\Python\\Python310\\site-packages\\behave\\model.py\", line 1329, in run\n    match.run(runner.context)\n  File \"C:\\Users\\rapid\\AppData\\Roaming\\Python\\Python310\\site-packages\\behave\\matchers.py\", line 98, in run\n    self.func(context, *args, **kwargs)\n  File \"features\\steps\\003_start_your_test_general_knowledge.py\", line 15, in gnrl_knwldg_txt_btn\n    context.app.main_page.gnrl_knwldg_txt_btn(txt)\n  File \"E:\\Gurov_SSD_256\\IT\\Testing\\Automation_08_09_2019\\18wheelerschool_06_apr_2023\\pages\\main_page.py\", line 78, in gnrl_knwldg_txt_btn\n    self.verify_text(txt, *GNRL_KNWLDG_TXT_BTN)\n  File \"E:\\Gurov_SSD_256\\IT\\Testing\\Automation_08_09_2019\\18wheelerschool_06_apr_2023\\pages\\base_page.py\", line 36, in verify_text\n    actual_text = self.driver.find_element(*locator).text\n  File \"C:\\Users\\rapid\\AppData\\Local\\Programs\\Python\\Python310\\lib\\site-packages\\selenium\\webdriver\\remote\\webdriver.py\", line 1122, in find_element\n    return self.execute(Command.FIND_ELEMENT, {\n  File \"C:\\Users\\rapid\\AppData\\Local\\Programs\\Python\\Python310\\lib\\site-packages\\selenium\\webdriver\\remote\\webdriver.py\", line 369, in execute\n    self.error_handler.check_response(response)\n  File \"C:\\Users\\rapid\\AppData\\Local\\Programs\\Python\\Python310\\lib\\site-packages\\selenium\\webdriver\\remote\\errorhandler.py\", line 236, in check_response\n    raise exception_class(message, screen, stacktrace)\n"}, "start": 1681066762128, "stop": 1681066766317}, {"name": "Then Verify 2 \"Air brakes\" button text is here", "status": "skipped", "start": 1681066768511, "stop": 1681066768511}, {"name": "Then Verify 3 \"Combination vehicle\" button text is here", "status": "skipped", "start": 1681066768511, "stop": 1681066768511}, {"name": "Then Verify 4 \"ELDT Hazmat endorsement\" button text is here", "status": "skipped", "start": 1681066768511, "stop": 1681066768512}, {"name": "And Verify \"Â© 2023. All rights reserved.\" text is here", "status": "skipped", "start": 1681066768512, "stop": 1681066768512}], "start": 1681066754889, "stop": 1681066768512, "uuid": "3efbcdd0-85c4-48f9-91e3-0069f23473c4", "historyId": "4e28b9fa4f4ac9a92811ac4ccf7fd435", "fullName": "# 003_start_your_test_general_knowledge: # 003_start_your_test_general_knowledge", "labels": [{"name": "severity", "value": "normal"}, {"name": "feature", "value": "# 003_start_your_test_general_knowledge"}, {"name": "framework", "value": "behave"}, {"name": "language", "value": "cpython3"}]}